<?xml version="1.0" encoding="UTF-8"?>
<testsuite xmlns:xsi="http://www.w3.org/2001/XMLSchema-instance" xsi:noNamespaceSchemaLocation="https://maven.apache.org/surefire/maven-surefire-plugin/xsd/surefire-test-report-3.0.xsd" version="3.0" name="com.in.auth.service.UserDetailsServiceImplTest" time="1.754" tests="4" errors="0" skipped="0" failures="0">
  <properties>
[...]
</properties>
  <testcase name="testLoadUserByUsername_Success" classname="com.in.auth.service.UserDetailsServiceImplTest" time="0.024">
    <system-out><![CDATA[2024-10-01T22:38:59.076+05:30  INFO 19680 --- [identity-security-management] [           main] t.c.s.AnnotationConfigContextLoaderUtils : Could not detect default configuration classes for test class [com.in.auth.service.UserDetailsServiceImplTest]: UserDetailsServiceImplTest does not declare any static, non-private, non-final, nested classes annotated with @Configuration.
2024-10-01T22:38:59.096+05:30  INFO 19680 --- [identity-security-management] [           main] .b.t.c.SpringBootTestContextBootstrapper : Found @SpringBootConfiguration com.in.IdentitySecurityManagement for test class com.in.auth.service.UserDetailsServiceImplTest

  .   ____          _            __ _ _
 /\\ / ___'_ __ _ _(_)_ __  __ _ \ \ \ \
( ( )\___ | '_ | '_| | '_ \/ _` | \ \ \ \
 \\/  ___)| |_)| | | | | || (_| |  ) ) ) )
  '  |____| .__|_| |_|_| |_\__, | / / / /
 =========|_|==============|___/=/_/_/_/

 :: Spring Boot ::                (v3.3.3)

2024-10-01T22:38:59.142+05:30  INFO 19680 --- [identity-security-management] [           main] c.i.a.s.UserDetailsServiceImplTest       : Starting UserDetailsServiceImplTest using Java 21.0.3 with PID 19680 (started by green in D:\zipped\workspace\ws_Spring\PRO\gateways-security-management\identity-security-management)
2024-10-01T22:38:59.142+05:30  INFO 19680 --- [identity-security-management] [           main] c.i.a.s.UserDetailsServiceImplTest       : No active profile set, falling back to 1 default profile: "default"
2024-10-01T22:38:59.591+05:30  INFO 19680 --- [identity-security-management] [           main] .s.d.r.c.RepositoryConfigurationDelegate : Bootstrapping Spring Data MongoDB repositories in DEFAULT mode.
2024-10-01T22:38:59.604+05:30  INFO 19680 --- [identity-security-management] [           main] .s.d.r.c.RepositoryConfigurationDelegate : Finished Spring Data repository scanning in 12 ms. Found 2 MongoDB repository interfaces.
2024-10-01T22:38:59.754+05:30  INFO 19680 --- [identity-security-management] [           main] org.mongodb.driver.client                : MongoClient with metadata {"driver": {"name": "mongo-java-driver|sync|spring-boot", "version": "5.0.1"}, "os": {"type": "Windows", "name": "Windows 10", "architecture": "amd64", "version": "10.0"}, "platform": "Java/Eclipse Adoptium/21.0.3+9-LTS"} created with settings MongoClientSettings{readPreference=primary, writeConcern=WriteConcern{w=null, wTimeout=null ms, journal=null}, retryWrites=true, retryReads=true, readConcern=ReadConcern{level=null}, credential=MongoCredential{mechanism=null, userName='moderator', source='admin', password=<hidden>, mechanismProperties=<hidden>}, transportSettings=null, commandListeners=[io.micrometer.core.instrument.binder.mongodb.MongoMetricsCommandListener@3e49adfa], codecRegistry=ProvidersCodecRegistry{codecProviders=[ValueCodecProvider{}, BsonValueCodecProvider{}, DBRefCodecProvider{}, DBObjectCodecProvider{}, DocumentCodecProvider{}, CollectionCodecProvider{}, IterableCodecProvider{}, MapCodecProvider{}, GeoJsonCodecProvider{}, GridFSFileCodecProvider{}, Jsr310CodecProvider{}, JsonObjectCodecProvider{}, BsonCodecProvider{}, EnumCodecProvider{}, com.mongodb.client.model.mql.ExpressionCodecProvider@5b3a8bea, com.mongodb.Jep395RecordCodecProvider@6ba0dcba, com.mongodb.KotlinCodecProvider@6d7772d3]}, loggerSettings=LoggerSettings{maxDocumentLength=1000}, clusterSettings={hosts=[127.0.0.1:27017], srvHost=db-mongodb-blr1-vms-59c60299.mongo.ondigitalocean.com, srvServiceName=mongodb, mode=MULTIPLE, requiredClusterType=REPLICA_SET, requiredReplicaSetName='db-mongodb-blr1-vms', serverSelector='null', clusterListeners='[]', serverSelectionTimeout='30000 ms', localThreshold='15 ms'}, socketSettings=SocketSettings{connectTimeoutMS=10000, readTimeoutMS=0, receiveBufferSize=0, proxySettings=ProxySettings{host=null, port=null, username=null, password=null}}, heartbeatSocketSettings=SocketSettings{connectTimeoutMS=10000, readTimeoutMS=10000, receiveBufferSize=0, proxySettings=ProxySettings{host=null, port=null, username=null, password=null}}, connectionPoolSettings=ConnectionPoolSettings{maxSize=100, minSize=0, maxWaitTimeMS=120000, maxConnectionLifeTimeMS=0, maxConnectionIdleTimeMS=0, maintenanceInitialDelayMS=0, maintenanceFrequencyMS=60000, connectionPoolListeners=[io.micrometer.core.instrument.binder.mongodb.MongoMetricsConnectionPoolListener@2296926d], maxConnecting=2}, serverSettings=ServerSettings{heartbeatFrequencyMS=10000, minHeartbeatFrequencyMS=500, serverListeners='[]', serverMonitorListeners='[]'}, sslSettings=SslSettings{enabled=true, invalidHostNameAllowed=false, context=null}, applicationName='null', compressorList=[], uuidRepresentation=JAVA_LEGACY, serverApi=null, autoEncryptionSettings=null, dnsClient=null, inetAddressResolver=null, contextProvider=null}
2024-10-01T22:38:59.766+05:30  INFO 19680 --- [identity-security-management] [igitalocean.com] org.mongodb.driver.cluster               : Adding discovered server db-mongodb-blr1-vms-fb7a428a.mongo.ondigitalocean.com:27017 to client view of cluster
2024-10-01T22:38:59.837+05:30  INFO 19680 --- [identity-security-management] [ocean.com:27017] org.mongodb.driver.cluster               : Monitor thread successfully connected to server with description ServerDescription{address=db-mongodb-blr1-vms-fb7a428a.mongo.ondigitalocean.com:27017, type=REPLICA_SET_PRIMARY, state=CONNECTED, ok=true, minWireVersion=0, maxWireVersion=21, maxDocumentSize=16777216, logicalSessionTimeoutMinutes=30, roundTripTimeNanos=41090200, setName='db-mongodb-blr1-vms', canonicalAddress=db-mongodb-blr1-vms-fb7a428a.mongo.ondigitalocean.com:27017, hosts=[db-mongodb-blr1-vms-fb7a428a.mongo.ondigitalocean.com:27017], passives=[], arbiters=[], primary='db-mongodb-blr1-vms-fb7a428a.mongo.ondigitalocean.com:27017', tagSet=TagSet{[]}, electionId=7fffffff0000000000000001, setVersion=1, topologyVersion=TopologyVersion{processId=66d2d25ac6dbada740629cf4, counter=6}, lastWriteDate=Tue Oct 01 22:38:59 IST 2024, lastUpdateTimeNanos=202539012492100}
2024-10-01T22:38:59.838+05:30  INFO 19680 --- [identity-security-management] [ocean.com:27017] org.mongodb.driver.cluster               : Discovered replica set primary db-mongodb-blr1-vms-fb7a428a.mongo.ondigitalocean.com:27017 with max election id 7fffffff0000000000000001 and max set version 1
2024-10-01T22:39:00.228+05:30  INFO 19680 --- [identity-security-management] [           main] com.in.IdentitySecurityManagement        : Volunteer Management App started - Roles 3
2024-10-01T22:39:00.249+05:30  INFO 19680 --- [identity-security-management] [           main] eAuthenticationProviderManagerConfigurer : Global AuthenticationManager configured with AuthenticationProvider bean with name authenticationProvider
2024-10-01T22:39:00.249+05:30  WARN 19680 --- [identity-security-management] [           main] r$InitializeUserDetailsManagerConfigurer : Global AuthenticationManager configured with an AuthenticationProvider bean. UserDetailsService beans will not be used for username/password login. Consider removing the AuthenticationProvider bean. Alternatively, consider using the UserDetailsService in a manually instantiated DaoAuthenticationProvider.
2024-10-01T22:39:00.521+05:30  INFO 19680 --- [identity-security-management] [           main] o.s.b.a.e.web.EndpointLinksResolver      : Exposing 1 endpoint beneath base path '/actuator'
2024-10-01T22:39:00.773+05:30  INFO 19680 --- [identity-security-management] [           main] c.i.a.s.UserDetailsServiceImplTest       : Started UserDetailsServiceImplTest in 1.671 seconds (process running for 10.321)
2024-10-01T22:39:00.800+05:30  INFO 19680 --- [identity-security-management] [           main] c.i.auth.test.TestResultLoggerExtension  : Test: Load User By Username - Success - PASSED
]]></system-out>
  </testcase>
  <testcase name="testLoadUserByUsername_MultipleRoles" classname="com.in.auth.service.UserDetailsServiceImplTest" time="0.006">
    <system-out><![CDATA[2024-10-01T22:39:00.806+05:30  INFO 19680 --- [identity-security-management] [           main] c.i.auth.test.TestResultLoggerExtension  : Test: Load User By Username - Multiple Roles - PASSED
]]></system-out>
  </testcase>
  <testcase name="testLoadUserByUsername_NullUsername" classname="com.in.auth.service.UserDetailsServiceImplTest" time="0.008">
    <system-out><![CDATA[2024-10-01T22:39:00.816+05:30  INFO 19680 --- [identity-security-management] [           main] c.i.auth.test.TestResultLoggerExtension  : Test: Load User By Username - Null Username - PASSED
]]></system-out>
  </testcase>
  <testcase name="testLoadUserByUsername_UserNotFound" classname="com.in.auth.service.UserDetailsServiceImplTest" time="0.006">
    <system-out><![CDATA[2024-10-01T22:39:00.824+05:30  INFO 19680 --- [identity-security-management] [           main] c.i.auth.test.TestResultLoggerExtension  : Test: Load User By Username - User Not Found - PASSED
]]></system-out>
  </testcase>
</testsuite>