<?xml version="1.0" encoding="UTF-8"?>
<testsuite xmlns:xsi="http://www.w3.org/2001/XMLSchema-instance" xsi:noNamespaceSchemaLocation="https://maven.apache.org/surefire/maven-surefire-plugin/xsd/surefire-test-report-3.0.xsd" version="3.0" name="com.in.auth.controller.AuthControllerTest" time="7.483" tests="6" errors="0" skipped="0" failures="0">
  <properties>
[...]
</properties>
  <testcase name="testRegisterUser_Success" classname="com.in.auth.controller.AuthControllerTest" time="0.33">
    <system-out><![CDATA[15:30:38.937 [main] INFO org.springframework.test.context.support.AnnotationConfigContextLoaderUtils -- Could not detect default configuration classes for test class [com.in.auth.controller.AuthControllerTest]: AuthControllerTest does not declare any static, non-private, non-final, nested classes annotated with @Configuration.
15:30:39.117 [main] INFO org.springframework.boot.test.context.SpringBootTestContextBootstrapper -- Found @SpringBootConfiguration com.in.GatewaysSecurityManagement for test class com.in.auth.controller.AuthControllerTest

  .   ____          _            __ _ _
 /\\ / ___'_ __ _ _(_)_ __  __ _ \ \ \ \
( ( )\___ | '_ | '_| | '_ \/ _` | \ \ \ \
 \\/  ___)| |_)| | | | | || (_| |  ) ) ) )
  '  |____| .__|_| |_|_| |_\__, | / / / /
 =========|_|==============|___/=/_/_/_/

 :: Spring Boot ::                (v3.3.3)

2024-09-28T15:30:39.546+05:30  INFO 7436 --- [gateways-security-management] [           main] c.in.auth.controller.AuthControllerTest  : Starting AuthControllerTest using Java 21.0.3 with PID 7436 (started by green in D:\zipped\workspace\ws_Spring\PRO\gateways-security-management\gateways-security-management)
2024-09-28T15:30:39.548+05:30  INFO 7436 --- [gateways-security-management] [           main] c.in.auth.controller.AuthControllerTest  : No active profile set, falling back to 1 default profile: "default"
2024-09-28T15:30:41.228+05:30  INFO 7436 --- [gateways-security-management] [           main] .s.d.r.c.RepositoryConfigurationDelegate : Bootstrapping Spring Data MongoDB repositories in DEFAULT mode.
2024-09-28T15:30:41.355+05:30  INFO 7436 --- [gateways-security-management] [           main] .s.d.r.c.RepositoryConfigurationDelegate : Finished Spring Data repository scanning in 123 ms. Found 2 MongoDB repository interfaces.
2024-09-28T15:30:43.559+05:30  INFO 7436 --- [gateways-security-management] [           main] eAuthenticationProviderManagerConfigurer : Global AuthenticationManager configured with AuthenticationProvider bean with name authenticationProvider
2024-09-28T15:30:43.561+05:30  WARN 7436 --- [gateways-security-management] [           main] r$InitializeUserDetailsManagerConfigurer : Global AuthenticationManager configured with an AuthenticationProvider bean. UserDetailsService beans will not be used for username/password login. Consider removing the AuthenticationProvider bean. Alternatively, consider using the UserDetailsService in a manually instantiated DaoAuthenticationProvider.
2024-09-28T15:30:44.389+05:30  INFO 7436 --- [gateways-security-management] [igitalocean.com] org.mongodb.driver.cluster               : Adding discovered server db-mongodb-blr1-vms-fb7a428a.mongo.ondigitalocean.com:27017 to client view of cluster
2024-09-28T15:30:44.410+05:30  INFO 7436 --- [gateways-security-management] [           main] org.mongodb.driver.client                : MongoClient with metadata {"driver": {"name": "mongo-java-driver|sync|spring-boot", "version": "5.0.1"}, "os": {"type": "Windows", "name": "Windows 10", "architecture": "amd64", "version": "10.0"}, "platform": "Java/Eclipse Adoptium/21.0.3+9-LTS"} created with settings MongoClientSettings{readPreference=primary, writeConcern=WriteConcern{w=null, wTimeout=null ms, journal=null}, retryWrites=true, retryReads=true, readConcern=ReadConcern{level=null}, credential=MongoCredential{mechanism=null, userName='moderator', source='admin', password=<hidden>, mechanismProperties=<hidden>}, transportSettings=null, commandListeners=[io.micrometer.core.instrument.binder.mongodb.MongoMetricsCommandListener@6ba0dcba], codecRegistry=ProvidersCodecRegistry{codecProviders=[ValueCodecProvider{}, BsonValueCodecProvider{}, DBRefCodecProvider{}, DBObjectCodecProvider{}, DocumentCodecProvider{}, CollectionCodecProvider{}, IterableCodecProvider{}, MapCodecProvider{}, GeoJsonCodecProvider{}, GridFSFileCodecProvider{}, Jsr310CodecProvider{}, JsonObjectCodecProvider{}, BsonCodecProvider{}, EnumCodecProvider{}, com.mongodb.client.model.mql.ExpressionCodecProvider@6d7772d3, com.mongodb.Jep395RecordCodecProvider@38394e76, com.mongodb.KotlinCodecProvider@37d3e740]}, loggerSettings=LoggerSettings{maxDocumentLength=1000}, clusterSettings={hosts=[127.0.0.1:27017], srvHost=db-mongodb-blr1-vms-59c60299.mongo.ondigitalocean.com, srvServiceName=mongodb, mode=MULTIPLE, requiredClusterType=REPLICA_SET, requiredReplicaSetName='db-mongodb-blr1-vms', serverSelector='null', clusterListeners='[]', serverSelectionTimeout='30000 ms', localThreshold='15 ms'}, socketSettings=SocketSettings{connectTimeoutMS=10000, readTimeoutMS=0, receiveBufferSize=0, proxySettings=ProxySettings{host=null, port=null, username=null, password=null}}, heartbeatSocketSettings=SocketSettings{connectTimeoutMS=10000, readTimeoutMS=10000, receiveBufferSize=0, proxySettings=ProxySettings{host=null, port=null, username=null, password=null}}, connectionPoolSettings=ConnectionPoolSettings{maxSize=100, minSize=0, maxWaitTimeMS=120000, maxConnectionLifeTimeMS=0, maxConnectionIdleTimeMS=0, maintenanceInitialDelayMS=0, maintenanceFrequencyMS=60000, connectionPoolListeners=[io.micrometer.core.instrument.binder.mongodb.MongoMetricsConnectionPoolListener@5afba80c], maxConnecting=2}, serverSettings=ServerSettings{heartbeatFrequencyMS=10000, minHeartbeatFrequencyMS=500, serverListeners='[]', serverMonitorListeners='[]'}, sslSettings=SslSettings{enabled=true, invalidHostNameAllowed=false, context=null}, applicationName='null', compressorList=[], uuidRepresentation=JAVA_LEGACY, serverApi=null, autoEncryptionSettings=null, dnsClient=null, inetAddressResolver=null, contextProvider=null}
2024-09-28T15:30:44.907+05:30  INFO 7436 --- [gateways-security-management] [           main] o.s.b.a.e.web.EndpointLinksResolver      : Exposing 1 endpoint beneath base path '/actuator'
2024-09-28T15:30:45.042+05:30  INFO 7436 --- [gateways-security-management] [ocean.com:27017] org.mongodb.driver.cluster               : Monitor thread successfully connected to server with description ServerDescription{address=db-mongodb-blr1-vms-fb7a428a.mongo.ondigitalocean.com:27017, type=REPLICA_SET_PRIMARY, state=CONNECTED, ok=true, minWireVersion=0, maxWireVersion=21, maxDocumentSize=16777216, logicalSessionTimeoutMinutes=30, roundTripTimeNanos=375648900, setName='db-mongodb-blr1-vms', canonicalAddress=db-mongodb-blr1-vms-fb7a428a.mongo.ondigitalocean.com:27017, hosts=[db-mongodb-blr1-vms-fb7a428a.mongo.ondigitalocean.com:27017], passives=[], arbiters=[], primary='db-mongodb-blr1-vms-fb7a428a.mongo.ondigitalocean.com:27017', tagSet=TagSet{[]}, electionId=7fffffff0000000000000001, setVersion=1, topologyVersion=TopologyVersion{processId=66d2d25ac6dbada740629cf4, counter=6}, lastWriteDate=Sat Sep 28 15:30:43 IST 2024, lastUpdateTimeNanos=16537879022000}
2024-09-28T15:30:45.046+05:30  INFO 7436 --- [gateways-security-management] [ocean.com:27017] org.mongodb.driver.cluster               : Discovered replica set primary db-mongodb-blr1-vms-fb7a428a.mongo.ondigitalocean.com:27017 with max election id 7fffffff0000000000000001 and max set version 1
2024-09-28T15:30:45.631+05:30  INFO 7436 --- [gateways-security-management] [           main] o.s.b.t.m.w.SpringBootMockServletContext : Initializing Spring TestDispatcherServlet ''
2024-09-28T15:30:45.632+05:30  INFO 7436 --- [gateways-security-management] [           main] o.s.t.web.servlet.TestDispatcherServlet  : Initializing Servlet ''
2024-09-28T15:30:45.633+05:30  INFO 7436 --- [gateways-security-management] [           main] o.s.t.web.servlet.TestDispatcherServlet  : Completed initialization in 1 ms
2024-09-28T15:30:45.715+05:30  INFO 7436 --- [gateways-security-management] [           main] c.in.auth.controller.AuthControllerTest  : Started AuthControllerTest in 6.424 seconds (process running for 7.729)
2024-09-28T15:30:46.098+05:30  INFO 7436 --- [gateways-security-management] [           main] com.in.auth.controller.AuthController    : Start Method:registerUser
2024-09-28T15:30:46.101+05:30  INFO 7436 --- [gateways-security-management] [           main] com.in.auth.controller.AuthController    : Method:registerUser - Create the new user's account 
2024-09-28T15:30:46.103+05:30  INFO 7436 --- [gateways-security-management] [           main] com.in.auth.controller.AuthController    : Method:registerUser -User registered successfully!
2024-09-28T15:30:46.170+05:30  INFO 7436 --- [gateways-security-management] [           main] c.i.auth.test.TestResultLoggerExtension  : Test: Register User - Success - PASSED
]]></system-out>
    <system-err><![CDATA[WARNING: A Java agent has been loaded dynamically (C:\Users\green\.m2\repository\net\bytebuddy\byte-buddy-agent\1.14.19\byte-buddy-agent-1.14.19.jar)
WARNING: If a serviceability tool is in use, please run with -XX:+EnableDynamicAgentLoading to hide this warning
WARNING: If a serviceability tool is not in use, please run with -Djdk.instrument.traceUsage for more information
WARNING: Dynamic loading of agents will be disallowed by default in a future release
]]></system-err>
  </testcase>
  <testcase name="testRegisterUser_RoleNotFound" classname="com.in.auth.controller.AuthControllerTest" time="0.021">
    <system-out><![CDATA[2024-09-28T15:30:46.185+05:30  INFO 7436 --- [gateways-security-management] [           main] com.in.auth.controller.AuthController    : Start Method:registerUser
2024-09-28T15:30:46.185+05:30  INFO 7436 --- [gateways-security-management] [           main] com.in.auth.controller.AuthController    : Method:registerUser - Create the new user's account 
2024-09-28T15:30:46.198+05:30  INFO 7436 --- [gateways-security-management] [           main] c.i.auth.test.TestResultLoggerExtension  : Test: Register User - Role Not Found - PASSED
]]></system-out>
  </testcase>
  <testcase name="testRegisterUser_EmailAlreadyInUse" classname="com.in.auth.controller.AuthControllerTest" time="0.014">
    <system-out><![CDATA[2024-09-28T15:30:46.208+05:30  INFO 7436 --- [gateways-security-management] [           main] com.in.auth.controller.AuthController    : Start Method:registerUser
2024-09-28T15:30:46.209+05:30  INFO 7436 --- [gateways-security-management] [           main] com.in.auth.controller.AuthController    : Method:registerUser -Error: Email is already taken! newuser@example.com
2024-09-28T15:30:46.215+05:30  INFO 7436 --- [gateways-security-management] [           main] c.i.auth.test.TestResultLoggerExtension  : Test: Register User - Email Already in Use - PASSED
]]></system-out>
  </testcase>
  <testcase name="testRegisterUser_UsernameAlreadyTaken" classname="com.in.auth.controller.AuthControllerTest" time="0.013">
    <system-out><![CDATA[2024-09-28T15:30:46.224+05:30  INFO 7436 --- [gateways-security-management] [           main] com.in.auth.controller.AuthController    : Start Method:registerUser
2024-09-28T15:30:46.225+05:30  INFO 7436 --- [gateways-security-management] [           main] com.in.auth.controller.AuthController    : Method:registerUser -Error: Username is already taken! 
2024-09-28T15:30:46.230+05:30  INFO 7436 --- [gateways-security-management] [           main] c.i.auth.test.TestResultLoggerExtension  : Test: Register User - Username Already Taken - PASSED
]]></system-out>
  </testcase>
  <testcase name="testAuthenticateUser_InvalidCredentials" classname="com.in.auth.controller.AuthControllerTest" time="0.025">
    <system-out><![CDATA[2024-09-28T15:30:46.246+05:30  INFO 7436 --- [gateways-security-management] [           main] com.in.auth.controller.AuthController    : Start Method:authenticateUser
2024-09-28T15:30:46.258+05:30  INFO 7436 --- [gateways-security-management] [           main] c.i.auth.test.TestResultLoggerExtension  : Test: Authenticate User - Invalid Credentials - PASSED
]]></system-out>
  </testcase>
  <testcase name="testAuthenticateUser_Success" classname="com.in.auth.controller.AuthControllerTest" time="0.022">
    <system-out><![CDATA[2024-09-28T15:30:46.272+05:30  INFO 7436 --- [gateways-security-management] [           main] com.in.auth.controller.AuthController    : Start Method:authenticateUser
2024-09-28T15:30:46.273+05:30  INFO 7436 --- [gateways-security-management] [           main] com.in.auth.controller.AuthController    : End Method:authenticateUser
2024-09-28T15:30:46.282+05:30  INFO 7436 --- [gateways-security-management] [           main] c.i.auth.test.TestResultLoggerExtension  : Test: Authenticate User - Success - PASSED
]]></system-out>
  </testcase>
</testsuite>