<?xml version="1.0" encoding="UTF-8"?>
<testsuite xmlns:xsi="http://www.w3.org/2001/XMLSchema-instance" xsi:noNamespaceSchemaLocation="https://maven.apache.org/surefire/maven-surefire-plugin/xsd/surefire-test-report-3.0.xsd" version="3.0" name="com.in.security.jwt.JwtUtilsTest" time="0.91" tests="6" errors="0" skipped="0" failures="0">
  <properties>
[...]
</properties>
  <testcase name="testValidateJwtToken_InvalidFormat" classname="com.in.security.jwt.JwtUtilsTest" time="0.028">
    <system-out><![CDATA[2024-09-26T20:35:35.257+05:30  INFO 11200 --- [gateways-security-management] [           main] t.c.s.AnnotationConfigContextLoaderUtils : Could not detect default configuration classes for test class [com.in.security.jwt.JwtUtilsTest]: JwtUtilsTest does not declare any static, non-private, non-final, nested classes annotated with @Configuration.
2024-09-26T20:35:35.275+05:30  INFO 11200 --- [gateways-security-management] [           main] .b.t.c.SpringBootTestContextBootstrapper : Found @SpringBootConfiguration com.in.GatewaysSecurityManagement for test class com.in.security.jwt.JwtUtilsTest

  .   ____          _            __ _ _
 /\\ / ___'_ __ _ _(_)_ __  __ _ \ \ \ \
( ( )\___ | '_ | '_| | '_ \/ _` | \ \ \ \
 \\/  ___)| |_)| | | | | || (_| |  ) ) ) )
  '  |____| .__|_| |_|_| |_\__, | / / / /
 =========|_|==============|___/=/_/_/_/

 :: Spring Boot ::                (v3.3.3)

2024-09-26T20:35:35.312+05:30  INFO 11200 --- [gateways-security-management] [           main] com.in.security.jwt.JwtUtilsTest         : Starting JwtUtilsTest using Java 21.0.4 with PID 11200 (started by green in D:\zipped\workspace\ws_Spring\PRO\gateways-security-management\gateways-security-management)
2024-09-26T20:35:35.313+05:30  INFO 11200 --- [gateways-security-management] [           main] com.in.security.jwt.JwtUtilsTest         : No active profile set, falling back to 1 default profile: "default"
2024-09-26T20:35:35.620+05:30  INFO 11200 --- [gateways-security-management] [           main] .s.d.r.c.RepositoryConfigurationDelegate : Bootstrapping Spring Data MongoDB repositories in DEFAULT mode.
2024-09-26T20:35:35.632+05:30  INFO 11200 --- [gateways-security-management] [           main] .s.d.r.c.RepositoryConfigurationDelegate : Finished Spring Data repository scanning in 11 ms. Found 2 MongoDB repository interfaces.
2024-09-26T20:35:35.714+05:30  INFO 11200 --- [gateways-security-management] [           main] org.mongodb.driver.client                : MongoClient with metadata {"driver": {"name": "mongo-java-driver|sync|spring-boot", "version": "5.0.1"}, "os": {"type": "Windows", "name": "Windows 10", "architecture": "amd64", "version": "10.0"}, "platform": "Java/Oracle Corporation/21.0.4+8-LTS-274"} created with settings MongoClientSettings{readPreference=primary, writeConcern=WriteConcern{w=null, wTimeout=null ms, journal=null}, retryWrites=true, retryReads=true, readConcern=ReadConcern{level=null}, credential=null, transportSettings=null, commandListeners=[io.micrometer.core.instrument.binder.mongodb.MongoMetricsCommandListener@5145dddc], codecRegistry=ProvidersCodecRegistry{codecProviders=[ValueCodecProvider{}, BsonValueCodecProvider{}, DBRefCodecProvider{}, DBObjectCodecProvider{}, DocumentCodecProvider{}, CollectionCodecProvider{}, IterableCodecProvider{}, MapCodecProvider{}, GeoJsonCodecProvider{}, GridFSFileCodecProvider{}, Jsr310CodecProvider{}, JsonObjectCodecProvider{}, BsonCodecProvider{}, EnumCodecProvider{}, com.mongodb.client.model.mql.ExpressionCodecProvider@1f3aa970, com.mongodb.Jep395RecordCodecProvider@5213b887, com.mongodb.KotlinCodecProvider@40c6d1ef]}, loggerSettings=LoggerSettings{maxDocumentLength=1000}, clusterSettings={hosts=[localhost:27017], srvServiceName=mongodb, mode=SINGLE, requiredClusterType=UNKNOWN, requiredReplicaSetName='null', serverSelector='null', clusterListeners='[]', serverSelectionTimeout='30000 ms', localThreshold='15 ms'}, socketSettings=SocketSettings{connectTimeoutMS=10000, readTimeoutMS=0, receiveBufferSize=0, proxySettings=ProxySettings{host=null, port=null, username=null, password=null}}, heartbeatSocketSettings=SocketSettings{connectTimeoutMS=10000, readTimeoutMS=10000, receiveBufferSize=0, proxySettings=ProxySettings{host=null, port=null, username=null, password=null}}, connectionPoolSettings=ConnectionPoolSettings{maxSize=100, minSize=0, maxWaitTimeMS=120000, maxConnectionLifeTimeMS=0, maxConnectionIdleTimeMS=0, maintenanceInitialDelayMS=0, maintenanceFrequencyMS=60000, connectionPoolListeners=[io.micrometer.core.instrument.binder.mongodb.MongoMetricsConnectionPoolListener@3b191676], maxConnecting=2}, serverSettings=ServerSettings{heartbeatFrequencyMS=10000, minHeartbeatFrequencyMS=500, serverListeners='[]', serverMonitorListeners='[]'}, sslSettings=SslSettings{enabled=false, invalidHostNameAllowed=false, context=null}, applicationName='null', compressorList=[], uuidRepresentation=JAVA_LEGACY, serverApi=null, autoEncryptionSettings=null, dnsClient=null, inetAddressResolver=null, contextProvider=null}
2024-09-26T20:35:35.716+05:30  INFO 11200 --- [gateways-security-management] [localhost:27017] org.mongodb.driver.cluster               : Monitor thread successfully connected to server with description ServerDescription{address=localhost:27017, type=STANDALONE, state=CONNECTED, ok=true, minWireVersion=0, maxWireVersion=21, maxDocumentSize=16777216, logicalSessionTimeoutMinutes=30, roundTripTimeNanos=2337200}
2024-09-26T20:35:35.756+05:30  INFO 11200 --- [gateways-security-management] [           main] com.in.GatewaysSecurityManagement        : Volunteer Management App started - Roles 3
2024-09-26T20:35:35.779+05:30  INFO 11200 --- [gateways-security-management] [           main] eAuthenticationProviderManagerConfigurer : Global AuthenticationManager configured with AuthenticationProvider bean with name authenticationProvider
2024-09-26T20:35:35.780+05:30  WARN 11200 --- [gateways-security-management] [           main] r$InitializeUserDetailsManagerConfigurer : Global AuthenticationManager configured with an AuthenticationProvider bean. UserDetailsService beans will not be used for username/password login. Consider removing the AuthenticationProvider bean. Alternatively, consider using the UserDetailsService in a manually instantiated DaoAuthenticationProvider.
2024-09-26T20:35:35.908+05:30  INFO 11200 --- [gateways-security-management] [           main] o.s.b.a.e.web.EndpointLinksResolver      : Exposing 1 endpoint beneath base path '/actuator'
2024-09-26T20:35:36.020+05:30  INFO 11200 --- [gateways-security-management] [           main] com.in.security.jwt.JwtUtilsTest         : Started JwtUtilsTest in 0.74 seconds (process running for 9.339)
2024-09-26T20:35:36.063+05:30  INFO 11200 --- [gateways-security-management] [           main] com.in.security.jwt.JwtUtils             : Start Method:validateJwtToken
2024-09-26T20:35:36.086+05:30 ERROR 11200 --- [gateways-security-management] [           main] com.in.security.jwt.JwtUtils             : Invalid JWT token: Malformed JWT JSON: �{ږ'
2024-09-26T20:35:36.088+05:30  INFO 11200 --- [gateways-security-management] [           main] c.i.auth.test.TestResultLoggerExtension  : Test: Validate Token - Invalid Format - PASSED
]]></system-out>
  </testcase>
  <testcase name="testGetUserNameFromJwtToken_ExpiredToken" classname="com.in.security.jwt.JwtUtilsTest" time="0.031">
    <system-out><![CDATA[2024-09-26T20:35:36.091+05:30  INFO 11200 --- [gateways-security-management] [           main] com.in.security.jwt.JwtUtils             : Start Method:generateTokenFromUsername
2024-09-26T20:35:36.121+05:30  INFO 11200 --- [gateways-security-management] [           main] c.i.auth.test.TestResultLoggerExtension  : Test: Get Username From Token - Expired Token - PASSED
]]></system-out>
  </testcase>
  <testcase name="testGenerateToken_Success" classname="com.in.security.jwt.JwtUtilsTest" time="0.006">
    <system-out><![CDATA[2024-09-26T20:35:36.126+05:30  INFO 11200 --- [gateways-security-management] [           main] com.in.security.jwt.JwtUtils             : Start Method:generateTokenFromUsername
2024-09-26T20:35:36.128+05:30  INFO 11200 --- [gateways-security-management] [           main] c.i.auth.test.TestResultLoggerExtension  : Test: Generate Token - Success - PASSED
]]></system-out>
  </testcase>
  <testcase name="testValidateJwtToken_Success" classname="com.in.security.jwt.JwtUtilsTest" time="0.009">
    <system-out><![CDATA[2024-09-26T20:35:36.134+05:30  INFO 11200 --- [gateways-security-management] [           main] com.in.security.jwt.JwtUtils             : Start Method:generateTokenFromUsername
2024-09-26T20:35:36.136+05:30  INFO 11200 --- [gateways-security-management] [           main] com.in.security.jwt.JwtUtils             : Start Method:validateJwtToken
2024-09-26T20:35:36.140+05:30  INFO 11200 --- [gateways-security-management] [           main] c.i.auth.test.TestResultLoggerExtension  : Test: Validate Token - Success - PASSED
]]></system-out>
  </testcase>
  <testcase name="testValidateJwtToken_Expired" classname="com.in.security.jwt.JwtUtilsTest" time="0.009">
    <system-out><![CDATA[2024-09-26T20:35:36.145+05:30  INFO 11200 --- [gateways-security-management] [           main] com.in.security.jwt.JwtUtils             : Start Method:generateTokenFromUsername
2024-09-26T20:35:36.147+05:30  INFO 11200 --- [gateways-security-management] [           main] com.in.security.jwt.JwtUtils             : Start Method:validateJwtToken
2024-09-26T20:35:36.149+05:30 ERROR 11200 --- [gateways-security-management] [           main] com.in.security.jwt.JwtUtils             : JWT token is expired: JWT expired at 2024-09-26T15:05:36Z. Current time: 2024-09-26T15:05:36Z, a difference of 148 milliseconds.  Allowed clock skew: 0 milliseconds.
2024-09-26T20:35:36.151+05:30  INFO 11200 --- [gateways-security-management] [           main] c.i.auth.test.TestResultLoggerExtension  : Test: Validate Token - Expired - PASSED
]]></system-out>
  </testcase>
  <testcase name="testGetUserNameFromJwtToken_Success" classname="com.in.security.jwt.JwtUtilsTest" time="0.007">
    <system-out><![CDATA[2024-09-26T20:35:36.155+05:30  INFO 11200 --- [gateways-security-management] [           main] com.in.security.jwt.JwtUtils             : Start Method:generateTokenFromUsername
2024-09-26T20:35:36.160+05:30  INFO 11200 --- [gateways-security-management] [           main] c.i.auth.test.TestResultLoggerExtension  : Test: Get Username From Token - Success - PASSED
]]></system-out>
  </testcase>
</testsuite>